# JRE version: Java(TM) SE Runtime Environment (8.0_291-b10) (build 1.8.0_291-b10)
# Java VM: Java HotSpot(TM) 64-Bit Server VM (25.291-b10 mixed mode windows-amd64 compressed oops)
Heap:
 PSYoungGen      total 179712K, used 136537K [0x000000076c580000, 0x000000077c300000, 0x00000007c0000000)
  eden space 148480K, 70% used [0x000000076c580000,0x0000000772c578c0,0x0000000775680000)
  from space 31232K, 99% used [0x0000000775680000,0x00000007774feed0,0x0000000777500000)
  to   space 36864K, 0% used [0x0000000779f00000,0x0000000779f00000,0x000000077c300000)
 ParOldGen       total 129024K, used 39151K [0x00000006c5000000, 0x00000006cce00000, 0x000000076c580000)
  object space 129024K, 30% used [0x00000006c5000000,0x00000006c763be90,0x00000006cce00000)
 Metaspace       used 29932K, capacity 31016K, committed 31232K, reserved 1077248K
  class space    used 3450K, capacity 3720K, committed 3840K, reserved 1048576K
GC Heap History (10 events):
Event: 1.362 GC heap before
{Heap before GC invocations=4 (full 0):
 PSYoungGen      total 75264K, used 34827K [0x000000076c580000, 0x0000000775880000, 0x00000007c0000000)
  eden space 64512K, 37% used [0x000000076c580000,0x000000076dd08fa8,0x0000000770480000)
  from space 10752K, 99% used [0x0000000770480000,0x0000000770efa040,0x0000000770f00000)
  to   space 10752K, 0% used [0x0000000774e00000,0x0000000774e00000,0x0000000775880000)
 ParOldGen       total 172032K, used 4690K [0x00000006c5000000, 0x00000006cf800000, 0x000000076c580000)
  object space 172032K, 2% used [0x00000006c5000000,0x00000006c54949e0,0x00000006cf800000)
 Metaspace       used 20404K, capacity 21176K, committed 21296K, reserved 1069056K
  class space    used 2470K, capacity 2655K, committed 2688K, reserved 1048576K
Event: 1.366 GC heap after
Heap after GC invocations=4 (full 0):
 PSYoungGen      total 139776K, used 10736K [0x000000076c580000, 0x0000000775880000, 0x00000007c0000000)
  eden space 129024K, 0% used [0x000000076c580000,0x000000076c580000,0x0000000774380000)
  from space 10752K, 99% used [0x0000000774e00000,0x000000077587c060,0x0000000775880000)
  to   space 10752K, 0% used [0x0000000774380000,0x0000000774380000,0x0000000774e00000)
 ParOldGen       total 172032K, used 6594K [0x00000006c5000000, 0x00000006cf800000, 0x000000076c580000)
  object space 172032K, 3% used [0x00000006c5000000,0x00000006c56709f0,0x00000006cf800000)
 Metaspace       used 20404K, capacity 21176K, committed 21296K, reserved 1069056K
  class space    used 2470K, capacity 2655K, committed 2688K, reserved 1048576K
}
Event: 1.366 GC heap before
{Heap before GC invocations=5 (full 1):
 PSYoungGen      total 139776K, used 10736K [0x000000076c580000, 0x0000000775880000, 0x00000007c0000000)
  eden space 129024K, 0% used [0x000000076c580000,0x000000076c580000,0x0000000774380000)
  from space 10752K, 99% used [0x0000000774e00000,0x000000077587c060,0x0000000775880000)
  to   space 10752K, 0% used [0x0000000774380000,0x0000000774380000,0x0000000774e00000)
 ParOldGen       total 172032K, used 6594K [0x00000006c5000000, 0x00000006cf800000, 0x000000076c580000)
  object space 172032K, 3% used [0x00000006c5000000,0x00000006c56709f0,0x00000006cf800000)
 Metaspace       used 20404K, capacity 21176K, committed 21296K, reserved 1069056K
  class space    used 2470K, capacity 2655K, committed 2688K, reserved 1048576K
Event: 1.420 GC heap after
Heap after GC invocations=5 (full 1):
 PSYoungGen      total 139776K, used 0K [0x000000076c580000, 0x0000000775880000, 0x00000007c0000000)
  eden space 129024K, 0% used [0x000000076c580000,0x000000076c580000,0x0000000774380000)
  from space 10752K, 0% used [0x0000000774e00000,0x0000000774e00000,0x0000000775880000)
  to   space 10752K, 0% used [0x0000000774380000,0x0000000774380000,0x0000000774e00000)
 ParOldGen       total 129024K, used 15646K [0x00000006c5000000, 0x00000006cce00000, 0x000000076c580000)
  object space 129024K, 12% used [0x00000006c5000000,0x00000006c5f47be8,0x00000006cce00000)
 Metaspace       used 20404K, capacity 21176K, committed 21296K, reserved 1069056K
  class space    used 2470K, capacity 2655K, committed 2688K, reserved 1048576K
}
Event: 2.054 GC heap before
{Heap before GC invocations=6 (full 1):
 PSYoungGen      total 139776K, used 129024K [0x000000076c580000, 0x0000000775880000, 0x00000007c0000000)
  eden space 129024K, 100% used [0x000000076c580000,0x0000000774380000,0x0000000774380000)
  from space 10752K, 0% used [0x0000000774e00000,0x0000000774e00000,0x0000000775880000)
  to   space 10752K, 0% used [0x0000000774380000,0x0000000774380000,0x0000000774e00000)
 ParOldGen       total 129024K, used 15646K [0x00000006c5000000, 0x00000006cce00000, 0x000000076c580000)
  object space 129024K, 12% used [0x00000006c5000000,0x00000006c5f47be8,0x00000006cce00000)
 Metaspace       used 21317K, capacity 22140K, committed 22320K, reserved 1069056K
  class space    used 2493K, capacity 2665K, committed 2688K, reserved 1048576K
Event: 2.057 GC heap after
Heap after GC invocations=6 (full 1):
 PSYoungGen      total 139776K, used 9600K [0x000000076c580000, 0x0000000778480000, 0x00000007c0000000)
  eden space 129024K, 0% used [0x000000076c580000,0x000000076c580000,0x0000000774380000)
  from space 10752K, 89% used [0x0000000774380000,0x0000000774ce0000,0x0000000774e00000)
  to   space 15872K, 0% used [0x0000000777500000,0x0000000777500000,0x0000000778480000)
 ParOldGen       total 129024K, used 15654K [0x00000006c5000000, 0x00000006cce00000, 0x000000076c580000)
  object space 129024K, 12% used [0x00000006c5000000,0x00000006c5f49be8,0x00000006cce00000)
 Metaspace       used 21317K, capacity 22140K, committed 22320K, reserved 1069056K
  class space    used 2493K, capacity 2665K, committed 2688K, reserved 1048576K
}
Event: 2.777 GC heap before
{Heap before GC invocations=7 (full 1):
 PSYoungGen      total 139776K, used 138624K [0x000000076c580000, 0x0000000778480000, 0x00000007c0000000)
  eden space 129024K, 100% used [0x000000076c580000,0x0000000774380000,0x0000000774380000)
  from space 10752K, 89% used [0x0000000774380000,0x0000000774ce0000,0x0000000774e00000)
  to   space 15872K, 0% used [0x0000000777500000,0x0000000777500000,0x0000000778480000)
 ParOldGen       total 129024K, used 15654K [0x00000006c5000000, 0x00000006cce00000, 0x000000076c580000)
  object space 129024K, 12% used [0x00000006c5000000,0x00000006c5f49be8,0x00000006cce00000)
 Metaspace       used 27074K, capacity 28108K, committed 28288K, reserved 1075200K
  class space    used 3184K, capacity 3441K, committed 3456K, reserved 1048576K
Event: 2.789 GC heap after
Heap after GC invocations=7 (full 1):
 PSYoungGen      total 164352K, used 15859K [0x000000076c580000, 0x000000077a380000, 0x00000007c0000000)
  eden space 148480K, 0% used [0x000000076c580000,0x000000076c580000,0x0000000775680000)
  from space 15872K, 99% used [0x0000000777500000,0x000000077847cee8,0x0000000778480000)
  to   space 31232K, 0% used [0x0000000775680000,0x0000000775680000,0x0000000777500000)
 ParOldGen       total 129024K, used 38995K [0x00000006c5000000, 0x00000006cce00000, 0x000000076c580000)
  object space 129024K, 30% used [0x00000006c5000000,0x00000006c7614fd0,0x00000006cce00000)
 Metaspace       used 27074K, capacity 28108K, committed 28288K, reserved 1075200K
  class space    used 3184K, capacity 3441K, committed 3456K, reserved 1048576K
}
Event: 3.739 GC heap before
{Heap before GC invocations=8 (full 1):
 PSYoungGen      total 164352K, used 164339K [0x000000076c580000, 0x000000077a380000, 0x00000007c0000000)
  eden space 148480K, 100% used [0x000000076c580000,0x0000000775680000,0x0000000775680000)
  from space 15872K, 99% used [0x0000000777500000,0x000000077847cee8,0x0000000778480000)
  to   space 31232K, 0% used [0x0000000775680000,0x0000000775680000,0x0000000777500000)
 ParOldGen       total 129024K, used 38995K [0x00000006c5000000, 0x00000006cce00000, 0x000000076c580000)
  object space 129024K, 30% used [0x00000006c5000000,0x00000006c7614fd0,0x00000006cce00000)
 Metaspace       used 28640K, capacity 29682K, committed 29696K, reserved 1075200K
  class space    used 3320K, capacity 3583K, committed 3584K, reserved 1048576K
Event: 3.747 GC heap after
Heap after GC invocations=8 (full 1):
 PSYoungGen      total 179712K, used 31227K [0x000000076c580000, 0x000000077c300000, 0x00000007c0000000)
  eden space 148480K, 0% used [0x000000076c580000,0x000000076c580000,0x0000000775680000)
  from space 31232K, 99% used [0x0000000775680000,0x00000007774feed0,0x0000000777500000)
  to   space 36864K, 0% used [0x0000000779f00000,0x0000000779f00000,0x000000077c300000)
 ParOldGen       total 129024K, used 39151K [0x00000006c5000000, 0x00000006cce00000, 0x000000076c580000)
  object space 129024K, 30% used [0x00000006c5000000,0x00000006c763be90,0x00000006cce00000)
 Metaspace       used 28640K, capacity 29682K, committed 29696K, reserved 1075200K
  class space    used 3320K, capacity 3583K, committed 3584K, reserved 1048576K
}

