# JRE version: Java(TM) SE Runtime Environment (8.0_291-b10) (build 1.8.0_291-b10)
# Java VM: Java HotSpot(TM) 64-Bit Server VM (25.291-b10 mixed mode windows-amd64 compressed oops)
Heap:
 PSYoungGen      total 817152K, used 467900K [0x000000076c580000, 0x00000007a2600000, 0x00000007c0000000)
  eden space 749056K, 62% used [0x000000076c580000,0x0000000788e6f3d8,0x000000079a100000)
  from space 68096K, 0% used [0x000000079a100000,0x000000079a100000,0x000000079e380000)
  to   space 50688K, 0% used [0x000000079f480000,0x000000079f480000,0x00000007a2600000)
 ParOldGen       total 226304K, used 66674K [0x00000006c5000000, 0x00000006d2d00000, 0x000000076c580000)
  object space 226304K, 29% used [0x00000006c5000000,0x00000006c911c8b8,0x00000006d2d00000)
 Metaspace       used 35299K, capacity 36622K, committed 42368K, reserved 1087488K
  class space    used 3940K, capacity 4292K, committed 5248K, reserved 1048576K
GC Heap History (10 events):
Event: 8.750 GC heap before
{Heap before GC invocations=12 (full 2):
 PSYoungGen      total 452096K, used 441386K [0x000000076c580000, 0x0000000797900000, 0x00000007c0000000)
  eden space 409088K, 100% used [0x000000076c580000,0x0000000785500000,0x0000000785500000)
  from space 43008K, 75% used [0x0000000785500000,0x000000078748ab98,0x0000000787f00000)
  to   space 63488K, 0% used [0x0000000793b00000,0x0000000793b00000,0x0000000797900000)
 ParOldGen       total 212480K, used 87989K [0x00000006c5000000, 0x00000006d1f80000, 0x000000076c580000)
  object space 212480K, 41% used [0x00000006c5000000,0x00000006ca5ed550,0x00000006d1f80000)
 Metaspace       used 37377K, capacity 38704K, committed 38912K, reserved 1083392K
  class space    used 4203K, capacity 4562K, committed 4608K, reserved 1048576K
Event: 8.767 GC heap after
Heap after GC invocations=12 (full 2):
 PSYoungGen      total 615936K, used 47421K [0x000000076c580000, 0x0000000796f00000, 0x00000007c0000000)
  eden space 562688K, 0% used [0x000000076c580000,0x000000076c580000,0x000000078eb00000)
  from space 53248K, 89% used [0x0000000793b00000,0x000000079694f630,0x0000000796f00000)
  to   space 67584K, 0% used [0x000000078eb00000,0x000000078eb00000,0x0000000792d00000)
 ParOldGen       total 212480K, used 96403K [0x00000006c5000000, 0x00000006d1f80000, 0x000000076c580000)
  object space 212480K, 45% used [0x00000006c5000000,0x00000006cae24ca0,0x00000006d1f80000)
 Metaspace       used 37377K, capacity 38704K, committed 38912K, reserved 1083392K
  class space    used 4203K, capacity 4562K, committed 4608K, reserved 1048576K
}
Event: 9.788 GC heap before
{Heap before GC invocations=13 (full 2):
 PSYoungGen      total 615936K, used 610109K [0x000000076c580000, 0x0000000796f00000, 0x00000007c0000000)
  eden space 562688K, 100% used [0x000000076c580000,0x000000078eb00000,0x000000078eb00000)
  from space 53248K, 89% used [0x0000000793b00000,0x000000079694f630,0x0000000796f00000)
  to   space 67584K, 0% used [0x000000078eb00000,0x000000078eb00000,0x0000000792d00000)
 ParOldGen       total 212480K, used 96403K [0x00000006c5000000, 0x00000006d1f80000, 0x000000076c580000)
  object space 212480K, 45% used [0x00000006c5000000,0x00000006cae24ca0,0x00000006d1f80000)
 Metaspace       used 39121K, capacity 40616K, committed 40960K, reserved 1085440K
  class space    used 4397K, capacity 4771K, committed 4864K, reserved 1048576K
Event: 9.826 GC heap after
Heap after GC invocations=13 (full 2):
 PSYoungGen      total 630272K, used 15989K [0x000000076c580000, 0x00000007a3480000, 0x00000007c0000000)
  eden space 562688K, 0% used [0x000000076c580000,0x000000076c580000,0x000000078eb00000)
  from space 67584K, 23% used [0x000000078eb00000,0x000000078fa9d500,0x0000000792d00000)
  to   space 65536K, 0% used [0x000000079f480000,0x000000079f480000,0x00000007a3480000)
 ParOldGen       total 212480K, used 134219K [0x00000006c5000000, 0x00000006d1f80000, 0x000000076c580000)
  object space 212480K, 63% used [0x00000006c5000000,0x00000006cd312e20,0x00000006d1f80000)
 Metaspace       used 39121K, capacity 40616K, committed 40960K, reserved 1085440K
  class space    used 4397K, capacity 4771K, committed 4864K, reserved 1048576K
}
Event: 12.704 GC heap before
{Heap before GC invocations=14 (full 2):
 PSYoungGen      total 630272K, used 578677K [0x000000076c580000, 0x00000007a3480000, 0x00000007c0000000)
  eden space 562688K, 100% used [0x000000076c580000,0x000000078eb00000,0x000000078eb00000)
  from space 67584K, 23% used [0x000000078eb00000,0x000000078fa9d500,0x0000000792d00000)
  to   space 65536K, 0% used [0x000000079f480000,0x000000079f480000,0x00000007a3480000)
 ParOldGen       total 212480K, used 134219K [0x00000006c5000000, 0x00000006d1f80000, 0x000000076c580000)
  object space 212480K, 63% used [0x00000006c5000000,0x00000006cd312e20,0x00000006d1f80000)
 Metaspace       used 42341K, capacity 43840K, committed 44160K, reserved 1087488K
  class space    used 4754K, capacity 5185K, committed 5248K, reserved 1048576K
Event: 12.723 GC heap after
Heap after GC invocations=14 (full 2):
 PSYoungGen      total 799744K, used 44245K [0x000000076c580000, 0x00000007a2600000, 0x00000007c0000000)
  eden space 749056K, 0% used [0x000000076c580000,0x000000076c580000,0x000000079a100000)
  from space 50688K, 87% used [0x000000079f480000,0x00000007a1fb5780,0x00000007a2600000)
  to   space 68096K, 0% used [0x000000079a100000,0x000000079a100000,0x000000079e380000)
 ParOldGen       total 212480K, used 144143K [0x00000006c5000000, 0x00000006d1f80000, 0x000000076c580000)
  object space 212480K, 67% used [0x00000006c5000000,0x00000006cdcc3c70,0x00000006d1f80000)
 Metaspace       used 42341K, capacity 43840K, committed 44160K, reserved 1087488K
  class space    used 4754K, capacity 5185K, committed 5248K, reserved 1048576K
}
Event: 13.530 GC heap before
{Heap before GC invocations=15 (full 2):
 PSYoungGen      total 799744K, used 793301K [0x000000076c580000, 0x00000007a2600000, 0x00000007c0000000)
  eden space 749056K, 100% used [0x000000076c580000,0x000000079a100000,0x000000079a100000)
  from space 50688K, 87% used [0x000000079f480000,0x00000007a1fb5780,0x00000007a2600000)
  to   space 68096K, 0% used [0x000000079a100000,0x000000079a100000,0x000000079e380000)
 ParOldGen       total 212480K, used 144143K [0x00000006c5000000, 0x00000006d1f80000, 0x000000076c580000)
  object space 212480K, 67% used [0x00000006c5000000,0x00000006cdcc3c70,0x00000006d1f80000)
 Metaspace       used 42766K, capacity 44272K, committed 44416K, reserved 1089536K
  class space    used 4793K, capacity 5219K, committed 5248K, reserved 1048576K
Event: 13.553 GC heap after
Heap after GC invocations=15 (full 2):
 PSYoungGen      total 817152K, used 9192K [0x000000076c580000, 0x00000007a2600000, 0x00000007c0000000)
  eden space 749056K, 0% used [0x000000076c580000,0x000000076c580000,0x000000079a100000)
  from space 68096K, 13% used [0x000000079a100000,0x000000079a9fa168,0x000000079e380000)
  to   space 50688K, 0% used [0x000000079f480000,0x000000079f480000,0x00000007a2600000)
 ParOldGen       total 212480K, used 175023K [0x00000006c5000000, 0x00000006d1f80000, 0x000000076c580000)
  object space 212480K, 82% used [0x00000006c5000000,0x00000006cfaebeb0,0x00000006d1f80000)
 Metaspace       used 42766K, capacity 44272K, committed 44416K, reserved 1089536K
  class space    used 4793K, capacity 5219K, committed 5248K, reserved 1048576K
}
Event: 13.553 GC heap before
{Heap before GC invocations=16 (full 3):
 PSYoungGen      total 817152K, used 9192K [0x000000076c580000, 0x00000007a2600000, 0x00000007c0000000)
  eden space 749056K, 0% used [0x000000076c580000,0x000000076c580000,0x000000079a100000)
  from space 68096K, 13% used [0x000000079a100000,0x000000079a9fa168,0x000000079e380000)
  to   space 50688K, 0% used [0x000000079f480000,0x000000079f480000,0x00000007a2600000)
 ParOldGen       total 212480K, used 175023K [0x00000006c5000000, 0x00000006d1f80000, 0x000000076c580000)
  object space 212480K, 82% used [0x00000006c5000000,0x00000006cfaebeb0,0x00000006d1f80000)
 Metaspace       used 42766K, capacity 44272K, committed 44416K, reserved 1089536K
  class space    used 4793K, capacity 5219K, committed 5248K, reserved 1048576K
Event: 13.716 GC heap after
Heap after GC invocations=16 (full 3):
 PSYoungGen      total 817152K, used 0K [0x000000076c580000, 0x00000007a2600000, 0x00000007c0000000)
  eden space 749056K, 0% used [0x000000076c580000,0x000000076c580000,0x000000079a100000)
  from space 68096K, 0% used [0x000000079a100000,0x000000079a100000,0x000000079e380000)
  to   space 50688K, 0% used [0x000000079f480000,0x000000079f480000,0x00000007a2600000)
 ParOldGen       total 226304K, used 66674K [0x00000006c5000000, 0x00000006d2d00000, 0x000000076c580000)
  object space 226304K, 29% used [0x00000006c5000000,0x00000006c911c8b8,0x00000006d2d00000)
 Metaspace       used 33963K, capacity 35202K, committed 42368K, reserved 1087488K
  class space    used 3790K, capacity 4117K, committed 5248K, reserved 1048576K
}

